Arguments: 
  /usr/local/bin/node /usr/local/lib/node_modules/yarn/bin/yarn.js add --dev @babel/core @babel/cli

PATH: 
  /usr/local/bin:/usr/local/sbin:/Library/Frameworks/Python.framework/Versions/3.10/bin:/Library/Frameworks/Python.framework/Versions/3.9/bin:/Library/Frameworks/Python.framework/Versions/3.6/bin:/usr/local/bin:/usr/bin:/bin:/usr/sbin:/sbin:/usr/local/go/bin:/Users/yinyang/anaconda3/bin:/Users/yinyang/anaconda3/condabin:/usr/local/sbin:/Library/Frameworks/Python.framework/Versions/3.10/bin:/Library/Frameworks/Python.framework/Versions/3.9/bin:/Library/Frameworks/Python.framework/Versions/3.6/bin

Yarn version: 
  1.22.19

Node version: 
  18.16.1

Platform: 
  darwin arm64

Trace: 
  Error: https://registry.yarnpkg.com/@babel%2fcore: ETIMEDOUT
      at Timeout._onTimeout (/usr/local/lib/node_modules/yarn/lib/cli.js:141550:19)
      at listOnTimeout (node:internal/timers:569:17)
      at process.processTimers (node:internal/timers:512:7)

npm manifest: 
  {
    "name": "es6",
    "version": "1.0.0",
    "description": "",
    "main": "index.js",
    "scripts": {
      "test": "echo \"Error: no test specified\" && exit 1",
      "build": "babel app.js --out-file bundle.js"
    },
    "author": "",
    "license": "ISC",
    "devDependencies": {
   
    }
  }

yarn manifest: 
  No manifest

Lockfile: 
  No lockfile
